<?xml version="1.0" encoding="UTF-8"?>
<testsuite name="WordSearchTest" tests="5" skipped="0" failures="0" errors="0" timestamp="2019-04-23T21:01:11" hostname="Kriss-MacBook-Pro.local" time="0.027">
  <properties/>
  <testcase name="whenWordSearchIsCreated_VerifyTheInitialOutputIsEmpty()" classname="WordSearchTest" time="0.014"/>
  <testcase name="whenWordSearchIsCreated_VerifyTheWordsToFindAreIdentified()" classname="WordSearchTest" time="0.002"/>
  <testcase name="whenSearchingEachRowHorizontalForward_AreAnyWordsPresent()" classname="WordSearchTest" time="0.004"/>
  <testcase name="whenWordSearchIsCreated_VerifyTheDimensionsOfGridAreIdentified()" classname="WordSearchTest" time="0.001"/>
  <testcase name="whenSearchingEachColumnVerticalForward_AreAnyWordsPresent()" classname="WordSearchTest" time="0.002"/>
  <system-out><![CDATA[]]></system-out>
  <system-err><![CDATA[]]></system-err>
</testsuite>
