<?xml version="1.0" encoding="UTF-8"?>
<testsuite name="WordSearchTest" tests="2" skipped="0" failures="0" errors="0" timestamp="2019-04-23T20:52:40" hostname="Kriss-MacBook-Pro.local" time="0.018">
  <properties/>
  <testcase name="whenWordSearchIsCreated_VerifyTheWordsToFindAreIdentified()" classname="WordSearchTest" time="0.016"/>
  <testcase name="whenWordSearchIsCreated_VerifyTheInitialOutputisEmpty()" classname="WordSearchTest" time="0.001"/>
  <system-out><![CDATA[]]></system-out>
  <system-err><![CDATA[]]></system-err>
</testsuite>
