<?xml version="1.0" encoding="UTF-8"?>
<testsuite name="WordSearchTest" tests="10" skipped="0" failures="0" errors="0" timestamp="2019-04-23T21:11:49" hostname="Kriss-MacBook-Pro.local" time="0.042">
  <properties/>
  <testcase name="whenSearchingEachDiagonalRowAscBackward_AreAnyWordsPresent()" classname="WordSearchTest" time="0.016"/>
  <testcase name="whenSearchingEachDiagonalRowAscForward_AreAnyWordsPresent()" classname="WordSearchTest" time="0.002"/>
  <testcase name="whenSearchingEachColumnVerticallyBackward_AreAnyWordsPresent()" classname="WordSearchTest" time="0.002"/>
  <testcase name="whenSearchingEachDiagonalRowDescForward_AreAnyWordsPresent()" classname="WordSearchTest" time="0.001"/>
  <testcase name="whenWordSearchIsCreated_VerifyTheInitialOutputIsEmpty()" classname="WordSearchTest" time="0.003"/>
  <testcase name="whenWordSearchIsCreated_VerifyTheWordsToFindAreIdentified()" classname="WordSearchTest" time="0.001"/>
  <testcase name="whenSearchingEachRowHorizontalForward_AreAnyWordsPresent()" classname="WordSearchTest" time="0.002"/>
  <testcase name="whenSearchingEachRowHorizontalBackward_AreAnyWordsPresent()" classname="WordSearchTest" time="0.001"/>
  <testcase name="whenWordSearchIsCreated_VerifyTheDimensionsOfGridAreIdentified()" classname="WordSearchTest" time="0.001"/>
  <testcase name="whenSearchingEachColumnVerticalForward_AreAnyWordsPresent()" classname="WordSearchTest" time="0.001"/>
  <system-out><![CDATA[]]></system-out>
  <system-err><![CDATA[]]></system-err>
</testsuite>
