<?xml version="1.0" encoding="UTF-8"?>
<testsuite name="WordSearchTest" tests="3" skipped="0" failures="0" errors="0" timestamp="2019-04-23T20:55:47" hostname="Kriss-MacBook-Pro.local" time="0.024">
  <properties/>
  <testcase name="whenWordSearchIsCreated_VerifyTheInitialOutputIsEmpty()" classname="WordSearchTest" time="0.016"/>
  <testcase name="whenWordSearchIsCreated_VerifyTheWordsToFindAreIdentified()" classname="WordSearchTest" time="0.002"/>
  <testcase name="whenWordSearchIsCreated_VerifyTheDimensionsOfGridAreIdentified()" classname="WordSearchTest" time="0.003"/>
  <system-out><![CDATA[]]></system-out>
  <system-err><![CDATA[]]></system-err>
</testsuite>
